F:\KERNEL\PROJECTS\SIMPLENTSYSCALLFUZZER\SIMPLENTSYSCALLFUZZER\X64\RELEASE\SIMPLENTSYSCALLFUZZER.PCH
F:\KERNEL\PROJECTS\SIMPLENTSYSCALLFUZZER\SIMPLENTSYSCALLFUZZER\X64\RELEASE\STDAFX.OBJ
F:\KERNEL\PROJECTS\SIMPLENTSYSCALLFUZZER\SIMPLENTSYSCALLFUZZER\X64\RELEASE\VC110.PDB
F:\KERNEL\PROJECTS\SIMPLENTSYSCALLFUZZER\SIMPLENTSYSCALLFUZZER\X64\RELEASE\TEBPEB.OBJ
F:\KERNEL\PROJECTS\SIMPLENTSYSCALLFUZZER\SIMPLENTSYSCALLFUZZER\X64\RELEASE\SYSCALLORDER.OBJ
F:\KERNEL\PROJECTS\SIMPLENTSYSCALLFUZZER\SIMPLENTSYSCALLFUZZER\X64\RELEASE\SKIP.OBJ
F:\KERNEL\PROJECTS\SIMPLENTSYSCALLFUZZER\SIMPLENTSYSCALLFUZZER\X64\RELEASE\SIMPLENTSYSCALLFUZZER.OBJ
F:\KERNEL\PROJECTS\SIMPLENTSYSCALLFUZZER\SIMPLENTSYSCALLFUZZER\X64\RELEASE\RANDOMIZATIONTHREAD.OBJ
F:\KERNEL\PROJECTS\SIMPLENTSYSCALLFUZZER\SIMPLENTSYSCALLFUZZER\X64\RELEASE\RANDOM.OBJ
F:\KERNEL\PROJECTS\SIMPLENTSYSCALLFUZZER\SIMPLENTSYSCALLFUZZER\X64\RELEASE\PRE.OBJ
F:\KERNEL\PROJECTS\SIMPLENTSYSCALLFUZZER\SIMPLENTSYSCALLFUZZER\X64\RELEASE\OBJCREATOR.OBJ
F:\KERNEL\PROJECTS\SIMPLENTSYSCALLFUZZER\SIMPLENTSYSCALLFUZZER\X64\RELEASE\MODIFY.OBJ
F:\KERNEL\PROJECTS\SIMPLENTSYSCALLFUZZER\SIMPLENTSYSCALLFUZZER\X64\RELEASE\LEAKCHECKER.OBJ
F:\KERNEL\PROJECTS\SIMPLENTSYSCALLFUZZER\SIMPLENTSYSCALLFUZZER\X64\RELEASE\HEXDUMP.OBJ
F:\KERNEL\PROJECTS\SIMPLENTSYSCALLFUZZER\SIMPLENTSYSCALLFUZZER\X64\RELEASE\FUNCTABLE.OBJ
F:\KERNEL\PROJECTS\SIMPLENTSYSCALLFUZZER\SIMPLENTSYSCALLFUZZER\X64\RELEASE\DESTROY.OBJ
F:\KERNEL\PROJECTS\SIMPLENTSYSCALLFUZZER\SIMPLENTSYSCALLFUZZER\X64\RELEASE\APC.OBJ
F:\kernel\Projects\SimpleNtSyscallFuzzer\SimpleNtSyscallFuzzer\x64\Release\APC.obj
F:\kernel\Projects\SimpleNtSyscallFuzzer\SimpleNtSyscallFuzzer\x64\Release\Destroy.obj
F:\kernel\Projects\SimpleNtSyscallFuzzer\SimpleNtSyscallFuzzer\x64\Release\FuncTable.obj
F:\kernel\Projects\SimpleNtSyscallFuzzer\SimpleNtSyscallFuzzer\x64\Release\HexDump.obj
F:\kernel\Projects\SimpleNtSyscallFuzzer\SimpleNtSyscallFuzzer\x64\Release\LeakChecker.obj
F:\kernel\Projects\SimpleNtSyscallFuzzer\SimpleNtSyscallFuzzer\x64\Release\Modify.obj
F:\kernel\Projects\SimpleNtSyscallFuzzer\SimpleNtSyscallFuzzer\x64\Release\ObjCreator.obj
F:\kernel\Projects\SimpleNtSyscallFuzzer\SimpleNtSyscallFuzzer\x64\Release\Pre.obj
F:\kernel\Projects\SimpleNtSyscallFuzzer\SimpleNtSyscallFuzzer\x64\Release\Random.obj
F:\kernel\Projects\SimpleNtSyscallFuzzer\SimpleNtSyscallFuzzer\x64\Release\RandomizationThread.obj
F:\kernel\Projects\SimpleNtSyscallFuzzer\SimpleNtSyscallFuzzer\x64\Release\SimpleNtSyscallFuzzer.obj
F:\kernel\Projects\SimpleNtSyscallFuzzer\SimpleNtSyscallFuzzer\x64\Release\Skip.obj
F:\kernel\Projects\SimpleNtSyscallFuzzer\SimpleNtSyscallFuzzer\x64\Release\stdafx.obj
F:\kernel\Projects\SimpleNtSyscallFuzzer\SimpleNtSyscallFuzzer\x64\Release\SyscallOrder.obj
F:\kernel\Projects\SimpleNtSyscallFuzzer\SimpleNtSyscallFuzzer\x64\Release\TebPeb.obj
F:\kernel\Projects\SimpleNtSyscallFuzzer\SimpleNtSyscallFuzzer\x64\Release\cl.command.1.tlog
F:\kernel\Projects\SimpleNtSyscallFuzzer\SimpleNtSyscallFuzzer\x64\Release\CL.read.1.tlog
F:\kernel\Projects\SimpleNtSyscallFuzzer\SimpleNtSyscallFuzzer\x64\Release\CL.write.1.tlog
F:\kernel\Projects\SimpleNtSyscallFuzzer\SimpleNtSyscallFuzzer\x64\Release\link-cvtres.read.1.tlog
F:\kernel\Projects\SimpleNtSyscallFuzzer\SimpleNtSyscallFuzzer\x64\Release\link-cvtres.write.1.tlog
F:\kernel\Projects\SimpleNtSyscallFuzzer\SimpleNtSyscallFuzzer\x64\Release\link-rc.read.1.tlog
F:\kernel\Projects\SimpleNtSyscallFuzzer\SimpleNtSyscallFuzzer\x64\Release\link-rc.write.1.tlog
F:\kernel\Projects\SimpleNtSyscallFuzzer\SimpleNtSyscallFuzzer\x64\Release\link.command.1.tlog
F:\kernel\Projects\SimpleNtSyscallFuzzer\SimpleNtSyscallFuzzer\x64\Release\link.read.1.tlog
F:\kernel\Projects\SimpleNtSyscallFuzzer\SimpleNtSyscallFuzzer\x64\Release\link.write.1.tlog
F:\kernel\Projects\SimpleNtSyscallFuzzer\SimpleNtSyscallFuzzer\x64\Release\SimpleNtSyscallFuzzer.pch
F:\kernel\Projects\SimpleNtSyscallFuzzer\SimpleNtSyscallFuzzer\x64\Release\vc110.pdb
F:\kernel\Projects\SimpleNtSyscallFuzzer\x64\Release\SimpleNtSyscallFuzzer.pdb
F:\kernel\Projects\SimpleNtSyscallFuzzer\x64\Release\SimpleNtSyscallFuzzer.exe
