Build started 12/11/2019 11:00:37 PM.
     1>Project "F:\kernel\Projects\SimpleNtSyscallFuzzer\SimpleNtSyscallFuzzer\SimpleNtSyscallFuzzer.vcxproj" on node 2 (Build target(s)).
     1>ClCompile:
         C:\Program Files (x86)\Microsoft Visual Studio 11.0\VC\bin\x86_amd64\CL.exe /c /Zi /nologo /W3 /WX- /O2 /Oi /GL /D WIN32 /D NDEBUG /D _CONSOLE /D _UNICODE /D UNICODE /Gm- /EHsc /MD /GS /Gy /fp:precise /Zc:wchar_t /Zc:forScope /Yu"stdafx.h" /Fp"x64\Release\SimpleNtSyscallFuzzer.pch" /Fo"x64\Release\\" /Fd"x64\Release\vc110.pdb" /Gd /TP /errorReport:prompt ObjCreator.cpp
         ObjCreator.cpp
     1>f:\kernel\projects\simplentsyscallfuzzer\simplentsyscallfuzzer\Header.h(7): warning C4005: 'RAND_MAX' : macro redefinition
                 C:\Program Files (x86)\Microsoft Visual Studio 11.0\VC\include\stdlib.h(154) : see previous definition of 'RAND_MAX'
     1>ObjCreator.cpp(123): warning C4267: 'initializing' : conversion from 'size_t' to 'unsigned long', possible loss of data
     1>ObjCreator.cpp(131): warning C4267: '=' : conversion from 'size_t' to 'unsigned short', possible loss of data
     1>ObjCreator.cpp(158): warning C4267: '=' : conversion from 'size_t' to 'unsigned long', possible loss of data
     1>ObjCreator.cpp(160): warning C4267: '=' : conversion from 'size_t' to 'unsigned long', possible loss of data
     1>ObjCreator.cpp(166): warning C4267: '=' : conversion from 'size_t' to 'unsigned short', possible loss of data
     1>ObjCreator.cpp(191): warning C4267: '=' : conversion from 'size_t' to 'unsigned long', possible loss of data
     1>ObjCreator.cpp(210): warning C4267: '=' : conversion from 'size_t' to 'unsigned long', possible loss of data
     1>ObjCreator.cpp(212): warning C4267: '=' : conversion from 'size_t' to 'unsigned long', possible loss of data
     1>ObjCreator.cpp(218): warning C4267: '=' : conversion from 'size_t' to 'unsigned short', possible loss of data
     1>ObjCreator.cpp(338): warning C4267: '=' : conversion from 'size_t' to 'unsigned long', possible loss of data
     1>ObjCreator.cpp(357): warning C4267: '=' : conversion from 'size_t' to 'unsigned long', possible loss of data
     1>ObjCreator.cpp(359): warning C4267: '=' : conversion from 'size_t' to 'unsigned long', possible loss of data
     1>ObjCreator.cpp(368): warning C4267: '=' : conversion from 'size_t' to 'unsigned short', possible loss of data
     1>ObjCreator.cpp(395): warning C4267: '=' : conversion from 'size_t' to 'unsigned long', possible loss of data
     1>ObjCreator.cpp(413): warning C4267: '=' : conversion from 'size_t' to 'unsigned long', possible loss of data
     1>ObjCreator.cpp(415): warning C4267: '=' : conversion from 'size_t' to 'unsigned long', possible loss of data
     1>ObjCreator.cpp(423): warning C4267: '=' : conversion from 'size_t' to 'unsigned short', possible loss of data
     1>ObjCreator.cpp(489): warning C4267: '=' : conversion from 'size_t' to 'unsigned long', possible loss of data
     1>ObjCreator.cpp(491): warning C4267: '=' : conversion from 'size_t' to 'unsigned long', possible loss of data
     1>ObjCreator.cpp(521): warning C4267: '=' : conversion from 'size_t' to 'unsigned long', possible loss of data
     1>ObjCreator.cpp(523): warning C4267: '=' : conversion from 'size_t' to 'unsigned long', possible loss of data
     1>ObjCreator.cpp(543): warning C4267: '=' : conversion from 'size_t' to 'unsigned long', possible loss of data
     1>ObjCreator.cpp(545): warning C4267: '=' : conversion from 'size_t' to 'unsigned long', possible loss of data
     1>ObjCreator.cpp(553): warning C4267: '=' : conversion from 'size_t' to 'unsigned short', possible loss of data
     1>ObjCreator.cpp(582): warning C4267: '=' : conversion from 'size_t' to 'unsigned long', possible loss of data
     1>ObjCreator.cpp(722): warning C4267: '=' : conversion from 'size_t' to 'unsigned long', possible loss of data
     1>ObjCreator.cpp(724): warning C4267: '=' : conversion from 'size_t' to 'unsigned long', possible loss of data
     1>ObjCreator.cpp(772): warning C4267: '=' : conversion from 'size_t' to 'unsigned short', possible loss of data
     1>ObjCreator.cpp(806): warning C4267: '=' : conversion from 'size_t' to 'unsigned long', possible loss of data
     1>ObjCreator.cpp(808): warning C4267: '=' : conversion from 'size_t' to 'unsigned long', possible loss of data
     1>ObjCreator.cpp(817): warning C4267: '=' : conversion from 'size_t' to 'unsigned short', possible loss of data
     1>ObjCreator.cpp(942): warning C4267: '=' : conversion from 'size_t' to 'unsigned long', possible loss of data
     1>ObjCreator.cpp(944): warning C4267: '=' : conversion from 'size_t' to 'unsigned long', possible loss of data
     1>ObjCreator.cpp(953): warning C4267: '=' : conversion from 'size_t' to 'unsigned short', possible loss of data
       Link:
         C:\Program Files (x86)\Microsoft Visual Studio 11.0\VC\bin\x86_amd64\link.exe /ERRORREPORT:PROMPT /OUT:"F:\kernel\Projects\SimpleNtSyscallFuzzer\x64\Release\SimpleNtSyscallFuzzer.exe" /INCREMENTAL:NO /NOLOGO ntdll.lib Ktmw32.lib kernel32.lib user32.lib gdi32.lib winspool.lib comdlg32.lib advapi32.lib shell32.lib ole32.lib oleaut32.lib uuid.lib odbc32.lib odbccp32.lib /MANIFEST /MANIFESTUAC:"level='asInvoker' uiAccess='false'" /manifest:embed /DEBUG /PDB:"F:\kernel\Projects\SimpleNtSyscallFuzzer\x64\Release\SimpleNtSyscallFuzzer.pdb" /SUBSYSTEM:CONSOLE /OPT:REF /OPT:ICF /LTCG /TLBID:1 /DYNAMICBASE /NXCOMPAT /IMPLIB:"F:\kernel\Projects\SimpleNtSyscallFuzzer\x64\Release\SimpleNtSyscallFuzzer.lib" /MACHINE:X64 x64\Release\APC.obj
         x64\Release\Destroy.obj
         x64\Release\FuncTable.obj
         x64\Release\HexDump.obj
         x64\Release\LeakChecker.obj
         x64\Release\Modify.obj
         x64\Release\ObjCreator.obj
         x64\Release\Pre.obj
         x64\Release\Random.obj
         x64\Release\SimpleNtSyscallFuzzer.obj
         x64\Release\Skip.obj
         x64\Release\stdafx.obj
         Generating code
         Finished generating code
         SimpleNtSyscallFuzzer.vcxproj -> F:\kernel\Projects\SimpleNtSyscallFuzzer\x64\Release\SimpleNtSyscallFuzzer.exe
     1>Done Building Project "F:\kernel\Projects\SimpleNtSyscallFuzzer\SimpleNtSyscallFuzzer\SimpleNtSyscallFuzzer.vcxproj" (Build target(s)).

Build succeeded.

Time Elapsed 00:00:01.39
